<component name="libraryTable">
  <library name="JUnit4">
    <CLASSES>
      <root url="jar://$PROJECT_DIR$/../../../prebuilts/tools/common/m2/repository/junit/junit/4.13.1/junit-4.13.1.jar!/" />
      <root url="jar://$PROJECT_DIR$/../../../prebuilts/tools/common/m2/repository/org/hamcrest/hamcrest-core/2.2/hamcrest-core-2.2.jar!/" />
      <root url="jar://$PROJECT_DIR$/../../../prebuilts/tools/common/m2/repository/org/hamcrest/hamcrest/2.2/hamcrest-2.2.jar!/" />
    </CLASSES>
    <JAVADOC />
    <SOURCES>
      <root url="jar://$USER_HOME$/.ideaLibSources/junit-4.13.1-sources.jar!/" />
    </SOURCES>
  </library>
</component>